2026-03-16 11:59:19 - contact_scraper - ERROR - Connection error fetching https://example.com: HTTPSConnectionPool(host='example.com', port=443): Max retries exceeded with url: / (Caused by SSLError(SSLCertVerificationError(1, '[SSL: CERTIFICATE_VERIFY_FAILED] certificate verify failed: unable to get local issuer certificate (_ssl.c:1000)')))
2026-03-16 11:59:19 - contact_scraper - ERROR - Connection error fetching https://company1.com: HTTPSConnectionPool(host='company1.com', port=443): Max retries exceeded with url: / (Caused by SSLError(SSLEOFError(8, '[SSL: UNEXPECTED_EOF_WHILE_READING] EOF occurred in violation of protocol (_ssl.c:1000)')))
2026-03-16 11:59:20 - contact_scraper - ERROR - Connection error fetching https://business-directory.com/search?term=plumbers: HTTPSConnectionPool(host='business-directory.com', port=443): Max retries exceeded with url: /search?term=plumbers (Caused by SSLError(SSLCertVerificationError(1, "[SSL: CERTIFICATE_VERIFY_FAILED] certificate verify failed: Hostname mismatch, certificate is not valid for 'business-directory.com'. (_ssl.c:1000)")))
2026-03-16 12:02:01 - contact_scraper - ERROR - Connection error fetching https://www.biocon.com: HTTPSConnectionPool(host='www.biocon.com', port=443): Max retries exceeded with url: / (Caused by SSLError(SSLCertVerificationError(1, '[SSL: CERTIFICATE_VERIFY_FAILED] certificate verify failed: unable to get local issuer certificate (_ssl.c:1000)')))
2026-03-16 12:02:11 - contact_scraper - ERROR - Connection error fetching https://www.bharatserums.com: HTTPSConnectionPool(host='www.bharatserums.com', port=443): Max retries exceeded with url: / (Caused by SSLError(SSLCertVerificationError(1, "[SSL: CERTIFICATE_VERIFY_FAILED] certificate verify failed: Hostname mismatch, certificate is not valid for 'www.bharatserums.com'. (_ssl.c:1000)")))
2026-03-16 12:02:20 - contact_scraper - ERROR - Connection error fetching https://www.krebsbiochem.com: HTTPSConnectionPool(host='www.krebsbiochem.com', port=443): Max retries exceeded with url: / (Caused by SSLError(SSLCertVerificationError(1, "[SSL: CERTIFICATE_VERIFY_FAILED] certificate verify failed: Hostname mismatch, certificate is not valid for 'www.krebsbiochem.com'. (_ssl.c:1000)")))
2026-03-16 12:02:38 - contact_scraper - ERROR - Timeout error fetching https://www.drreddys.com: HTTPSConnectionPool(host='www.drreddys.com', port=443): Read timed out. (read timeout=10)
2026-03-16 12:02:38 - contact_scraper - ERROR - Request error fetching javascript:void(0): No connection adapters were found for 'javascript:void(0)'
2026-03-16 12:02:41 - contact_scraper - ERROR - HTTP error fetching https://www.vrtx.com (Status: 403): 403 Client Error: Forbidden for url: https://www.vrtx.com/
2026-03-16 12:03:33 - contact_scraper - ERROR - Timeout error fetching https://ir.exelixis.com/contact-ir: HTTPSConnectionPool(host='ir.exelixis.com', port=443): Read timed out. (read timeout=10)
2026-03-16 12:03:44 - contact_scraper - ERROR - Connection error fetching https://www.avelasbio.com: HTTPSConnectionPool(host='www.avelasbio.com', port=443): Max retries exceeded with url: / (Caused by SSLError(SSLCertVerificationError(1, "[SSL: CERTIFICATE_VERIFY_FAILED] certificate verify failed: Hostname mismatch, certificate is not valid for 'www.avelasbio.com'. (_ssl.c:1000)")))
2026-03-16 12:03:48 - contact_scraper - ERROR - HTTP error fetching https://www.HugeDomains.com/about.cfm (Status: 403): 403 Client Error: Forbidden for url: https://www.hugedomains.com/about.cfm
2026-03-16 12:03:48 - contact_scraper - ERROR - HTTP error fetching https://www.HugeDomains.com/contact.cfm (Status: 403): 403 Client Error: Forbidden for url: https://www.hugedomains.com/contact.cfm
2026-03-16 12:04:22 - contact_scraper - ERROR - Connection error fetching https://www.celgene.com: HTTPSConnectionPool(host='www.celgene.com', port=443): Max retries exceeded with url: / (Caused by SSLError(SSLCertVerificationError(1, '[SSL: CERTIFICATE_VERIFY_FAILED] certificate verify failed: unable to get local issuer certificate (_ssl.c:1000)')))
2026-03-16 12:04:37 - contact_scraper - ERROR - Connection error fetching https://www.ensemblbio.com: HTTPSConnectionPool(host='www.ensemblbio.com', port=443): Max retries exceeded with url: / (Caused by NameResolutionError("HTTPSConnection(host='www.ensemblbio.com', port=443): Failed to resolve 'www.ensemblbio.com' ([Errno -2] Name or service not known)"))
2026-03-16 12:04:58 - contact_scraper - ERROR - HTTP error fetching https://www.ionispharma.com/contact-us (Status: 404): 404 Client Error: Not Found for url: https://www.ionispharma.com/contact-us
2026-03-16 12:05:38 - contact_scraper - ERROR - Connection error fetching https://www.onyxpharm.com: HTTPSConnectionPool(host='www.onyxpharm.com', port=443): Max retries exceeded with url: / (Caused by NameResolutionError("HTTPSConnection(host='www.onyxpharm.com', port=443): Failed to resolve 'www.onyxpharm.com' ([Errno -3] Temporary failure in name resolution)"))
2026-03-16 12:06:13 - contact_scraper - ERROR - HTTP error fetching https://www.revolutionmedicines.com (Status: 422): 422 Client Error: Unprocessable Entity for url: https://www.revolutionmedicines.com/
2026-03-16 12:06:28 - contact_scraper - ERROR - Connection error fetching https://www.tangobiopharma.com: HTTPSConnectionPool(host='www.tangobiopharma.com', port=443): Max retries exceeded with url: / (Caused by NameResolutionError("HTTPSConnection(host='www.tangobiopharma.com', port=443): Failed to resolve 'www.tangobiopharma.com' ([Errno -2] Name or service not known)"))
2026-03-16 12:06:41 - contact_scraper - ERROR - Connection error fetching https://www.vericel.com: HTTPSConnectionPool(host='www.vericel.com', port=443): Max retries exceeded with url: / (Caused by NameResolutionError("HTTPSConnection(host='www.vericel.com', port=443): Failed to resolve 'www.vericel.com' ([Errno -2] Name or service not known)"))
2026-03-16 12:07:01 - contact_scraper - ERROR - Timeout error fetching https://investors.xencor.com/corporate-governance/contact-the-board: HTTPSConnectionPool(host='investors.xencor.com', port=443): Read timed out. (read timeout=10)
2026-03-16 12:07:25 - contact_scraper - ERROR - Request error fetching mailto:press@abalonebio.com?subject=Contact%20from%20website: No connection adapters were found for 'mailto:press@abalonebio.com?subject=Contact%20from%20website'
2026-03-16 12:07:25 - contact_scraper - ERROR - Request error fetching mailto:info@abalonebio.com?subject=Contact%20from%20website: No connection adapters were found for 'mailto:info@abalonebio.com?subject=Contact%20from%20website'
2026-03-16 12:07:30 - contact_scraper - ERROR - HTTP error fetching https://www.acelyrin.com/about/ (Status: 404): 404 Client Error: Not Found for url: https://www.acelyrin.com/about/
2026-03-16 12:07:31 - contact_scraper - ERROR - HTTP error fetching https://www.acelyrin.com/about/#mission (Status: 404): 404 Client Error: Not Found for url: https://www.acelyrin.com/about/#mission
2026-03-16 12:07:31 - contact_scraper - ERROR - HTTP error fetching https://www.acelyrin.com/about/#leadership (Status: 404): 404 Client Error: Not Found for url: https://www.acelyrin.com/about/#leadership
2026-03-16 12:07:32 - contact_scraper - ERROR - HTTP error fetching https://www.acelyrin.com/about/#bod (Status: 404): 404 Client Error: Not Found for url: https://www.acelyrin.com/about/#bod
2026-03-16 12:07:32 - contact_scraper - ERROR - HTTP error fetching https://www.acelyrin.com/science/about-TYK2/ (Status: 404): 404 Client Error: Not Found for url: https://www.acelyrin.com/science/about-TYK2/
2026-03-16 12:15:47 - contact_scraper - ERROR - Connection error fetching https://example.com: HTTPSConnectionPool(host='example.com', port=443): Max retries exceeded with url: / (Caused by SSLError(SSLCertVerificationError(1, '[SSL: CERTIFICATE_VERIFY_FAILED] certificate verify failed: unable to get local issuer certificate (_ssl.c:1000)')))
2026-03-16 12:15:47 - contact_scraper - ERROR - Connection error fetching https://company1.com: HTTPSConnectionPool(host='company1.com', port=443): Max retries exceeded with url: / (Caused by SSLError(SSLEOFError(8, '[SSL: UNEXPECTED_EOF_WHILE_READING] EOF occurred in violation of protocol (_ssl.c:1000)')))
2026-03-16 12:15:48 - contact_scraper - ERROR - Connection error fetching https://business-directory.com/search?term=plumbers: HTTPSConnectionPool(host='business-directory.com', port=443): Max retries exceeded with url: /search?term=plumbers (Caused by SSLError(SSLCertVerificationError(1, "[SSL: CERTIFICATE_VERIFY_FAILED] certificate verify failed: Hostname mismatch, certificate is not valid for 'business-directory.com'. (_ssl.c:1000)")))
2026-03-16 12:59:18 - contact_scraper - ERROR - Connection error fetching https://www.biocon.com: HTTPSConnectionPool(host='www.biocon.com', port=443): Max retries exceeded with url: / (Caused by SSLError(SSLCertVerificationError(1, '[SSL: CERTIFICATE_VERIFY_FAILED] certificate verify failed: unable to get local issuer certificate (_ssl.c:1000)')))
2026-03-16 12:59:30 - contact_scraper - ERROR - Connection error fetching https://www.bharatserums.com: HTTPSConnectionPool(host='www.bharatserums.com', port=443): Max retries exceeded with url: / (Caused by SSLError(SSLCertVerificationError(1, "[SSL: CERTIFICATE_VERIFY_FAILED] certificate verify failed: Hostname mismatch, certificate is not valid for 'www.bharatserums.com'. (_ssl.c:1000)")))
2026-03-16 12:59:40 - contact_scraper - ERROR - Connection error fetching https://www.krebsbiochem.com: HTTPSConnectionPool(host='www.krebsbiochem.com', port=443): Max retries exceeded with url: / (Caused by SSLError(SSLCertVerificationError(1, "[SSL: CERTIFICATE_VERIFY_FAILED] certificate verify failed: Hostname mismatch, certificate is not valid for 'www.krebsbiochem.com'. (_ssl.c:1000)")))
2026-03-16 12:59:50 - contact_scraper - ERROR - Request error fetching javascript:void(0): No connection adapters were found for 'javascript:void(0)'
2026-03-16 12:59:53 - contact_scraper - ERROR - HTTP error fetching https://www.vrtx.com (Status: 403): 403 Client Error: Forbidden for url: https://www.vrtx.com/
2026-03-16 13:00:51 - contact_scraper - ERROR - Timeout error fetching https://ir.exelixis.com/contact-ir: HTTPSConnectionPool(host='ir.exelixis.com', port=443): Read timed out. (read timeout=10)
2026-03-16 13:01:05 - contact_scraper - ERROR - Connection error fetching https://www.avelasbio.com: HTTPSConnectionPool(host='www.avelasbio.com', port=443): Max retries exceeded with url: / (Caused by SSLError(SSLCertVerificationError(1, "[SSL: CERTIFICATE_VERIFY_FAILED] certificate verify failed: Hostname mismatch, certificate is not valid for 'www.avelasbio.com'. (_ssl.c:1000)")))
2026-03-16 13:01:11 - contact_scraper - ERROR - HTTP error fetching https://www.HugeDomains.com/about.cfm (Status: 403): 403 Client Error: Forbidden for url: https://www.hugedomains.com/about.cfm
2026-03-16 13:01:11 - contact_scraper - ERROR - HTTP error fetching https://www.HugeDomains.com/contact.cfm (Status: 403): 403 Client Error: Forbidden for url: https://www.hugedomains.com/contact.cfm
2026-03-16 13:01:35 - contact_scraper - ERROR - Connection error fetching https://www.celgene.com: HTTPSConnectionPool(host='www.celgene.com', port=443): Max retries exceeded with url: / (Caused by SSLError(SSLCertVerificationError(1, '[SSL: CERTIFICATE_VERIFY_FAILED] certificate verify failed: unable to get local issuer certificate (_ssl.c:1000)')))
2026-03-16 13:01:52 - contact_scraper - ERROR - Connection error fetching https://www.ensemblbio.com: HTTPSConnectionPool(host='www.ensemblbio.com', port=443): Max retries exceeded with url: / (Caused by NameResolutionError("HTTPSConnection(host='www.ensemblbio.com', port=443): Failed to resolve 'www.ensemblbio.com' ([Errno -2] Name or service not known)"))
2026-03-16 13:02:12 - contact_scraper - ERROR - HTTP error fetching https://www.ionispharma.com/contact-us (Status: 404): 404 Client Error: Not Found for url: https://www.ionispharma.com/contact-us
2026-03-16 13:02:49 - contact_scraper - ERROR - Connection error fetching https://www.onyxpharm.com: HTTPSConnectionPool(host='www.onyxpharm.com', port=443): Max retries exceeded with url: / (Caused by NameResolutionError("HTTPSConnection(host='www.onyxpharm.com', port=443): Failed to resolve 'www.onyxpharm.com' ([Errno -3] Temporary failure in name resolution)"))
2026-03-16 13:03:44 - contact_scraper - ERROR - Connection error fetching https://www.tangobiopharma.com: HTTPSConnectionPool(host='www.tangobiopharma.com', port=443): Max retries exceeded with url: / (Caused by NameResolutionError("HTTPSConnection(host='www.tangobiopharma.com', port=443): Failed to resolve 'www.tangobiopharma.com' ([Errno -2] Name or service not known)"))
2026-03-16 13:03:53 - contact_scraper - ERROR - Connection error fetching https://www.vericel.com: HTTPSConnectionPool(host='www.vericel.com', port=443): Max retries exceeded with url: / (Caused by NameResolutionError("HTTPSConnection(host='www.vericel.com', port=443): Failed to resolve 'www.vericel.com' ([Errno -2] Name or service not known)"))
2026-03-16 13:04:12 - contact_scraper - ERROR - Timeout error fetching https://investors.xencor.com/corporate-governance/contact-the-board: HTTPSConnectionPool(host='investors.xencor.com', port=443): Read timed out. (read timeout=10)
2026-03-16 13:04:36 - contact_scraper - ERROR - Request error fetching mailto:press@abalonebio.com?subject=Contact%20from%20website: No connection adapters were found for 'mailto:press@abalonebio.com?subject=Contact%20from%20website'
2026-03-16 13:04:36 - contact_scraper - ERROR - Request error fetching mailto:info@abalonebio.com?subject=Contact%20from%20website: No connection adapters were found for 'mailto:info@abalonebio.com?subject=Contact%20from%20website'
2026-03-16 13:04:42 - contact_scraper - ERROR - HTTP error fetching https://www.acelyrin.com/about/ (Status: 404): 404 Client Error: Not Found for url: https://www.acelyrin.com/about/
2026-03-16 13:04:43 - contact_scraper - ERROR - HTTP error fetching https://www.acelyrin.com/about/#mission (Status: 404): 404 Client Error: Not Found for url: https://www.acelyrin.com/about/#mission
2026-03-16 13:04:43 - contact_scraper - ERROR - HTTP error fetching https://www.acelyrin.com/about/#leadership (Status: 404): 404 Client Error: Not Found for url: https://www.acelyrin.com/about/#leadership
2026-03-16 13:04:44 - contact_scraper - ERROR - HTTP error fetching https://www.acelyrin.com/about/#bod (Status: 404): 404 Client Error: Not Found for url: https://www.acelyrin.com/about/#bod
2026-03-16 13:04:44 - contact_scraper - ERROR - HTTP error fetching https://www.acelyrin.com/science/about-TYK2/ (Status: 404): 404 Client Error: Not Found for url: https://www.acelyrin.com/science/about-TYK2/
